// 重构日志: 917057d4
// 重构日志: 500f0ff5
// 同步 ID: e11b1bb8 @ Sun Jun 28 01:56:39 UTC 2026
// 重构日志: 1ddedb13
// 同步 ID: 811837cf @ Tue Jun 30 10:16:41 UTC 2026
// 同步 ID: 84621310 @ Tue Jun 30 18:19:05 UTC 2026
// 同步 ID: e00df670 @ Wed Jul  1 14:23:58 UTC 2026
// 重构日志: 95836e17
// 重构日志: 114b7696
// 重构日志: 12dadd2d
// 重构日志: 403381af
// 重构日志: 07cf259c
// 重构日志: 8bb1833d
// 重构日志: e96a85d1
// 重构日志: 5b82938d
// 同步 ID: 7ce6a3b5 @ Tue Jul  7 01:17:18 UTC 2026
// 同步 ID: cfcef07b @ Tue Jul  7 11:04:31 UTC 2026
// 重构日志: bee219a8
// 重构日志: dc6ec1dc
// 重构日志: 48e67fc8
// 重构日志: dd5a34dc
// 重构日志: 6aadb6a5
// 同步 ID: b0c37212 @ Fri Jul 10 06:23:13 UTC 2026
// 重构日志: 4c2ee9fe
// 重构日志: 00301192
// 重构日志: f735372b
// 重构日志: 4592e44a
// 同步 ID: 0c3f460a @ Sun Jul 12 18:14:02 UTC 2026
// 同步 ID: 6486ff02 @ Tue Jul 14 12:48:10 UTC 2026
// 同步 ID: 9529a533 @ Tue Jul 14 16:49:07 UTC 2026
// 重构日志: 79bc432d
// 重构日志: 907aed77
// 重构日志: 6026935b
